2021-10-24 21:14:38 INFO Loading train data: train.csv
2021-10-24 21:14:38 INFO ==================================================
2021-10-24 21:14:39 INFO Start training....
2021-10-24 21:14:39 INFO Iteration: 0, MAE=85,83, MSE=11568,30
2021-10-24 21:14:39 INFO --------------------------------------------------
2021-10-24 21:14:44 INFO Iteration: 250, MAE=24,52, MSE=943,68
2021-10-24 21:14:44 INFO --------------------------------------------------
2021-10-24 21:14:49 INFO Iteration: 500, MAE=7,01, MSE=77,01
2021-10-24 21:14:49 INFO --------------------------------------------------
2021-10-24 21:14:55 INFO Iteration: 750, MAE=2,01, MSE=6,32
2021-10-24 21:14:55 INFO --------------------------------------------------
2021-10-24 21:15:00 INFO Iteration: 1000, MAE=0,60, MSE=0,55
2021-10-24 21:15:00 INFO --------------------------------------------------
2021-10-24 21:15:06 INFO Iteration: 1250, MAE=0,23, MSE=0,08
2021-10-24 21:15:06 INFO --------------------------------------------------
2021-10-24 21:15:11 INFO Iteration: 1500, MAE=0,17, MSE=0,04
2021-10-24 21:15:11 INFO --------------------------------------------------
2021-10-24 21:15:11 INFO Train MAE: 0,165, MSE: 0,043
2021-10-24 21:15:11 INFO Loading validation data...
2021-10-24 21:15:11 INFO MAE test: 0,167, MSE: 0,043, R2: 1,000
2021-10-24 21:15:11 INFO Время расчета в секундах: 32
